cv2 OK: 4.8.1
Copie des labels...
Extraction NIH images...
Extraction LIDC images...
Dataset prêt dans /localscratch/leonmls.57456381.0/nodulocc_dataset
Contenu : classification_labels.csv
lidc_png_16_bit
nih_filtered_images
Démarrage de l'entraînement...
wandb: Tracking run with wandb version 0.24.0
wandb: W&B syncing is set to `offline` in this directory. Run `wandb online` or set WANDB_MODE=online to enable cloud syncing.
wandb: Run data is saved locally in /lustre06/project/6069684/leonmls/NoduLoCC2026/wandb/offline-run-20260307_114953-luffanu8
Building model: backbone=xrv:densenet121-res224-nih, pretrained=True, dropout=0.3, cbam=False
[holdout] epoch 1/60 train_loss=0.1869 f1=0.0855 auc=0.7312 pr_auc=0.1913 prec=0.0446 rec=1.0000 tp=564 fp=12072 fn=0
[holdout] epoch 2/60 train_loss=0.1676 f1=0.0855 auc=0.7341 pr_auc=0.1885 prec=0.0446 rec=1.0000 tp=564 fp=12072 fn=0
[holdout] epoch 3/60 train_loss=0.1476 f1=0.1009 auc=0.7354 pr_auc=0.1884 prec=0.0533 rec=0.9504 tp=536 fp=9525 fn=28
[holdout] epoch 4/60 train_loss=0.1322 f1=0.1085 auc=0.7301 pr_auc=0.1918 prec=0.0578 rec=0.8812 tp=497 fp=8100 fn=67
[holdout] epoch 5/60 train_loss=0.1220 f1=0.1112 auc=0.7288 pr_auc=0.1999 prec=0.0593 rec=0.8848 tp=499 fp=7912 fn=65
[holdout] epoch 6/60 train_loss=0.1161 f1=0.1114 auc=0.7293 pr_auc=0.1911 prec=0.0593 rec=0.9060 tp=511 fp=8102 fn=53
[holdout] epoch 7/60 train_loss=0.1103 f1=0.1252 auc=0.7340 pr_auc=0.2012 prec=0.0677 rec=0.8209 tp=463 fp=6371 fn=101
[holdout] epoch 8/60 train_loss=0.1036 f1=0.1103 auc=0.7227 pr_auc=0.1922 prec=0.0589 rec=0.8706 tp=491 fp=7845 fn=73
[holdout] epoch 9/60 train_loss=0.1022 f1=0.1199 auc=0.7343 pr_auc=0.2132 prec=0.0647 rec=0.8209 tp=463 fp=6694 fn=101
[holdout] epoch 10/60 train_loss=0.0986 f1=0.1283 auc=0.7372 pr_auc=0.1909 prec=0.0698 rec=0.7961 tp=449 fp=5986 fn=115
[holdout] epoch 11/60 train_loss=0.0937 f1=0.1177 auc=0.7233 pr_auc=0.1876 prec=0.0634 rec=0.8191 tp=462 fp=6827 fn=102
[holdout] epoch 12/60 train_loss=0.0875 f1=0.1452 auc=0.7267 pr_auc=0.2032 prec=0.0814 rec=0.6684 tp=377 fp=4253 fn=187
[holdout] epoch 13/60 train_loss=0.0896 f1=0.1069 auc=0.7202 pr_auc=0.1793 prec=0.0568 rec=0.8989 tp=507 fp=8414 fn=57
[holdout] epoch 14/60 train_loss=0.0824 f1=0.1554 auc=0.7311 pr_auc=0.1865 prec=0.0884 rec=0.6401 tp=361 fp=3721 fn=203
[holdout] epoch 15/60 train_loss=0.0781 f1=0.1600 auc=0.7396 pr_auc=0.1959 prec=0.0917 rec=0.6277 tp=354 fp=3507 fn=210
[holdout] epoch 16/60 train_loss=0.0769 f1=0.1389 auc=0.7340 pr_auc=0.1967 prec=0.0766 rec=0.7411 tp=418 fp=5038 fn=146
[holdout] epoch 17/60 train_loss=0.0758 f1=0.1507 auc=0.7268 pr_auc=0.1962 prec=0.0855 rec=0.6365 tp=359 fp=3842 fn=205
[holdout] epoch 18/60 train_loss=0.0724 f1=0.1313 auc=0.7252 pr_auc=0.2026 prec=0.0720 rec=0.7394 tp=417 fp=5373 fn=147
[holdout] epoch 19/60 train_loss=0.0699 f1=0.1489 auc=0.7362 pr_auc=0.2056 prec=0.0835 rec=0.6844 tp=386 fp=4235 fn=178
[holdout] epoch 20/60 train_loss=0.0671 f1=0.1397 auc=0.7234 pr_auc=0.1920 prec=0.0776 rec=0.7021 tp=396 fp=4709 fn=168
[holdout] epoch 21/60 train_loss=0.0655 f1=0.1234 auc=0.7104 pr_auc=0.1606 prec=0.0669 rec=0.7908 tp=446 fp=6216 fn=118
[holdout] epoch 22/60 train_loss=0.0616 f1=0.1669 auc=0.7291 pr_auc=0.1889 prec=0.0978 rec=0.5691 tp=321 fp=2961 fn=243
[holdout] epoch 23/60 train_loss=0.0611 f1=0.1390 auc=0.7282 pr_auc=0.1840 prec=0.0772 rec=0.7004 tp=395 fp=4724 fn=169
[holdout] epoch 24/60 train_loss=0.0613 f1=0.1375 auc=0.7362 pr_auc=0.1909 prec=0.0757 rec=0.7500 tp=423 fp=5166 fn=141
[holdout] epoch 25/60 train_loss=0.0557 f1=0.1280 auc=0.7129 pr_auc=0.1702 prec=0.0699 rec=0.7518 tp=424 fp=5639 fn=140
[holdout] epoch 26/60 train_loss=0.0578 f1=0.1692 auc=0.7314 pr_auc=0.2011 prec=0.0985 rec=0.6011 tp=339 fp=3104 fn=225
[holdout] epoch 27/60 train_loss=0.0516 f1=0.1755 auc=0.7299 pr_auc=0.2091 prec=0.1034 rec=0.5816 tp=328 fp=2845 fn=236
[holdout] epoch 28/60 train_loss=0.0531 f1=0.1693 auc=0.7359 pr_auc=0.2018 prec=0.0982 rec=0.6117 tp=345 fp=3167 fn=219
[holdout] epoch 29/60 train_loss=0.0466 f1=0.1341 auc=0.7280 pr_auc=0.2120 prec=0.0741 rec=0.7021 tp=396 fp=4946 fn=168
[holdout] epoch 30/60 train_loss=0.0457 f1=0.2119 auc=0.7186 pr_auc=0.1984 prec=0.1464 rec=0.3830 tp=216 fp=1259 fn=348
[holdout] epoch 31/60 train_loss=0.0472 f1=0.1765 auc=0.7317 pr_auc=0.2049 prec=0.1044 rec=0.5709 tp=322 fp=2762 fn=242
[holdout] epoch 32/60 train_loss=0.0444 f1=0.1855 auc=0.7338 pr_auc=0.2123 prec=0.1126 rec=0.5248 tp=296 fp=2332 fn=268
[holdout] epoch 33/60 train_loss=0.0412 f1=0.1803 auc=0.7307 pr_auc=0.2064 prec=0.1085 rec=0.5337 tp=301 fp=2474 fn=263
[holdout] epoch 34/60 train_loss=0.0403 f1=0.1841 auc=0.7311 pr_auc=0.1998 prec=0.1100 rec=0.5638 tp=318 fp=2572 fn=246
[holdout] epoch 35/60 train_loss=0.0409 f1=0.1536 auc=0.7147 pr_auc=0.1739 prec=0.0880 rec=0.6064 tp=342 fp=3546 fn=222
[holdout] epoch 36/60 train_loss=0.0399 f1=0.1941 auc=0.7283 pr_auc=0.2057 prec=0.1185 rec=0.5372 tp=303 fp=2255 fn=261
[holdout] epoch 37/60 train_loss=0.0361 f1=0.1893 auc=0.7296 pr_auc=0.1991 prec=0.1159 rec=0.5160 tp=291 fp=2220 fn=273
[holdout] epoch 38/60 train_loss=0.0379 f1=0.1966 auc=0.7317 pr_auc=0.2059 prec=0.1225 rec=0.4982 tp=281 fp=2013 fn=283
[holdout] epoch 39/60 train_loss=0.0333 f1=0.2055 auc=0.7311 pr_auc=0.2100 prec=0.1307 rec=0.4805 tp=271 fp=1803 fn=293
[holdout] epoch 40/60 train_loss=0.0314 f1=0.2156 auc=0.7325 pr_auc=0.2046 prec=0.1398 rec=0.4716 tp=266 fp=1637 fn=298
[holdout] epoch 41/60 train_loss=0.0305 f1=0.1830 auc=0.7343 pr_auc=0.2146 prec=0.1095 rec=0.5585 tp=315 fp=2563 fn=249
[holdout] epoch 42/60 train_loss=0.0294 f1=0.2068 auc=0.7379 pr_auc=0.2092 prec=0.1324 rec=0.4716 tp=266 fp=1743 fn=298
[holdout] epoch 43/60 train_loss=0.0288 f1=0.1917 auc=0.7300 pr_auc=0.1872 prec=0.1165 rec=0.5408 tp=305 fp=2313 fn=259
[holdout] epoch 44/60 train_loss=0.0274 f1=0.2144 auc=0.7269 pr_auc=0.2020 prec=0.1424 rec=0.4344 tp=245 fp=1476 fn=319
[holdout] epoch 45/60 train_loss=0.0288 f1=0.1897 auc=0.7290 pr_auc=0.2030 prec=0.1163 rec=0.5142 tp=290 fp=2203 fn=274
slurmstepd: error: *** JOB 57456381 ON ng10403 CANCELLED AT 2026-03-07T22:44:32 DUE TO TIME LIMIT ***
slurmstepd: error: *** STEP 57456381.0 ON ng10403 CANCELLED AT 2026-03-07T22:44:32 DUE TO TIME LIMIT ***
srun: Job step aborted: Waiting up to 62 seconds for job step to finish.
